<?xml version="1.0" encoding="UTF-8"?>
<testsuite xmlns:xsi="http://www.w3.org/2001/XMLSchema-instance" xsi:noNamespaceSchemaLocation="https://maven.apache.org/surefire/maven-surefire-plugin/xsd/surefire-test-report-3.0.xsd" version="3.0" name="fr.univnantes.HelloAppEngineTest(sponge_log)" time="0.174" tests="1" errors="0" skipped="0" failures="0">
  <properties>
    <property name="sun.desktop" value="windows"/>
    <property name="awt.toolkit" value="sun.awt.windows.WToolkit"/>
    <property name="file.encoding.pkg" value="sun.io"/>
    <property name="java.specification.version" value="1.8"/>
    <property name="sun.cpu.isalist" value="amd64"/>
    <property name="sun.jnu.encoding" value="Cp1252"/>
    <property name="java.class.path" value="C:\Users\nbout\eclipse-workspace\TinyInsta\target\test-classes;C:\Users\nbout\eclipse-workspace\TinyInsta\target\TinyInsta-0.1.0-SNAPSHOT\WEB-INF\classes;C:\Users\nbout\.m2\repository\com\google\endpoints\endpoints-framework\2.2.1\endpoints-framework-2.2.1.jar;C:\Users\nbout\.m2\repository\com\google\guava\guava\20.0\guava-20.0.jar;C:\Users\nbout\.m2\repository\com\fasterxml\jackson\core\jackson-annotations\2.9.6\jackson-annotations-2.9.6.jar;C:\Users\nbout\.m2\repository\com\fasterxml\jackson\core\jackson-core\2.9.6\jackson-core-2.9.6.jar;C:\Users\nbout\.m2\repository\com\fasterxml\jackson\core\jackson-databind\2.9.6\jackson-databind-2.9.6.jar;C:\Users\nbout\.m2\repository\com\google\flogger\flogger\0.3.1\flogger-0.3.1.jar;C:\Users\nbout\.m2\repository\com\google\http-client\google-http-client-jackson2\1.25.0\google-http-client-jackson2-1.25.0.jar;C:\Users\nbout\.m2\repository\com\google\http-client\google-http-client\1.25.0\google-http-client-1.25.0.jar;C:\Users\nbout\.m2\repository\org\apache\httpcomponents\httpclient\4.5.5\httpclient-4.5.5.jar;C:\Users\nbout\.m2\repository\org\apache\httpcomponents\httpcore\4.4.9\httpcore-4.4.9.jar;C:\Users\nbout\.m2\repository\commons-logging\commons-logging\1.2\commons-logging-1.2.jar;C:\Users\nbout\.m2\repository\commons-codec\commons-codec\1.10\commons-codec-1.10.jar;C:\Users\nbout\.m2\repository\com\google\j2objc\j2objc-annotations\1.1\j2objc-annotations-1.1.jar;C:\Users\nbout\.m2\repository\com\google\api-client\google-api-client\1.25.0\google-api-client-1.25.0.jar;C:\Users\nbout\.m2\repository\com\google\oauth-client\google-oauth-client\1.25.0\google-oauth-client-1.25.0.jar;C:\Users\nbout\.m2\repository\com\google\api-client\google-api-client-appengine\1.25.0\google-api-client-appengine-1.25.0.jar;C:\Users\nbout\.m2\repository\com\google\oauth-client\google-oauth-client-appengine\1.25.0\google-oauth-client-appengine-1.25.0.jar;C:\Users\nbout\.m2\repository\com\google\oauth-client\google-oauth-client-servlet\1.25.0\google-oauth-client-servlet-1.25.0.jar;C:\Users\nbout\.m2\repository\com\google\http-client\google-http-client-jdo\1.25.0\google-http-client-jdo-1.25.0.jar;C:\Users\nbout\.m2\repository\com\google\api-client\google-api-client-servlet\1.25.0\google-api-client-servlet-1.25.0.jar;C:\Users\nbout\.m2\repository\javax\servlet\servlet-api\2.5\servlet-api-2.5.jar;C:\Users\nbout\.m2\repository\javax\jdo\jdo2-api\2.3-eb\jdo2-api-2.3-eb.jar;C:\Users\nbout\.m2\repository\javax\transaction\transaction-api\1.1\transaction-api-1.1.jar;C:\Users\nbout\.m2\repository\com\google\http-client\google-http-client-appengine\1.25.0\google-http-client-appengine-1.25.0.jar;C:\Users\nbout\.m2\repository\com\google\code\findbugs\jsr305\3.0.1\jsr305-3.0.1.jar;C:\Users\nbout\.m2\repository\commons-fileupload\commons-fileupload\1.3.3\commons-fileupload-1.3.3.jar;C:\Users\nbout\.m2\repository\commons-io\commons-io\2.2\commons-io-2.2.jar;C:\Users\nbout\.m2\repository\io\swagger\swagger-models\1.5.9\swagger-models-1.5.9.jar;C:\Users\nbout\.m2\repository\org\slf4j\slf4j-api\1.6.3\slf4j-api-1.6.3.jar;C:\Users\nbout\.m2\repository\io\swagger\swagger-annotations\1.5.9\swagger-annotations-1.5.9.jar;C:\Users\nbout\.m2\repository\io\swagger\swagger-core\1.5.9\swagger-core-1.5.9.jar;C:\Users\nbout\.m2\repository\org\apache\commons\commons-lang3\3.2.1\commons-lang3-3.2.1.jar;C:\Users\nbout\.m2\repository\com\fasterxml\jackson\datatype\jackson-datatype-joda\2.4.5\jackson-datatype-joda-2.4.5.jar;C:\Users\nbout\.m2\repository\joda-time\joda-time\2.2\joda-time-2.2.jar;C:\Users\nbout\.m2\repository\com\fasterxml\jackson\dataformat\jackson-dataformat-yaml\2.4.5\jackson-dataformat-yaml-2.4.5.jar;C:\Users\nbout\.m2\repository\org\yaml\snakeyaml\1.12\snakeyaml-1.12.jar;C:\Users\nbout\.m2\repository\javax\validation\validation-api\1.1.0.Final\validation-api-1.1.0.Final.jar;C:\Users\nbout\.m2\repository\org\slf4j\slf4j-nop\1.7.21\slf4j-nop-1.7.21.jar;C:\Users\nbout\.m2\repository\com\google\flogger\flogger-system-backend\0.3.1\flogger-system-backend-0.3.1.jar;C:\Users\nbout\.m2\repository\com\google\endpoints\endpoints-management-control-appengine-all\1.0.12\endpoints-management-control-appengine-all-1.0.12.jar;C:\Users\nbout\.m2\repository\com\google\appengine\appengine-api-1.0-sdk\1.9.79\appengine-api-1.0-sdk-1.9.79.jar;C:\Users\nbout\.m2\repository\javax\servlet\javax.servlet-api\3.1.0\javax.servlet-api-3.1.0.jar;C:\Users\nbout\.m2\repository\javax\inject\javax.inject\1\javax.inject-1.jar;C:\Users\nbout\.m2\repository\junit\junit\4.13\junit-4.13.jar;C:\Users\nbout\.m2\repository\org\hamcrest\hamcrest-core\1.3\hamcrest-core-1.3.jar;"/>
    <property name="java.vm.vendor" value="Oracle Corporation"/>
    <property name="sun.arch.data.model" value="64"/>
    <property name="user.variant" value=""/>
    <property name="java.vendor.url" value="http://java.oracle.com/"/>
    <property name="user.timezone" value="Europe/Paris"/>
    <property name="java.vm.specification.version" value="1.8"/>
    <property name="os.name" value="Windows 10"/>
    <property name="user.country" value="FR"/>
    <property name="sun.java.launcher" value="SUN_STANDARD"/>
    <property name="sun.boot.library.path" value="C:\Program Files\Java\jdk1.8.0_261\jre\bin"/>
    <property name="sun.java.command" value="C:\Users\nbout\AppData\Local\Temp\surefire5791964138270244915\surefirebooter3084778133455441298.jar C:\Users\nbout\AppData\Local\Temp\surefire5791964138270244915 2020-10-28T17-11-05_539-jvmRun1 surefire7538574695816055491tmp surefire_08019015963164954599tmp"/>
    <property name="surefire.test.class.path" value="C:\Users\nbout\eclipse-workspace\TinyInsta\target\test-classes;C:\Users\nbout\eclipse-workspace\TinyInsta\target\TinyInsta-0.1.0-SNAPSHOT\WEB-INF\classes;C:\Users\nbout\.m2\repository\com\google\endpoints\endpoints-framework\2.2.1\endpoints-framework-2.2.1.jar;C:\Users\nbout\.m2\repository\com\google\guava\guava\20.0\guava-20.0.jar;C:\Users\nbout\.m2\repository\com\fasterxml\jackson\core\jackson-annotations\2.9.6\jackson-annotations-2.9.6.jar;C:\Users\nbout\.m2\repository\com\fasterxml\jackson\core\jackson-core\2.9.6\jackson-core-2.9.6.jar;C:\Users\nbout\.m2\repository\com\fasterxml\jackson\core\jackson-databind\2.9.6\jackson-databind-2.9.6.jar;C:\Users\nbout\.m2\repository\com\google\flogger\flogger\0.3.1\flogger-0.3.1.jar;C:\Users\nbout\.m2\repository\com\google\http-client\google-http-client-jackson2\1.25.0\google-http-client-jackson2-1.25.0.jar;C:\Users\nbout\.m2\repository\com\google\http-client\google-http-client\1.25.0\google-http-client-1.25.0.jar;C:\Users\nbout\.m2\repository\org\apache\httpcomponents\httpclient\4.5.5\httpclient-4.5.5.jar;C:\Users\nbout\.m2\repository\org\apache\httpcomponents\httpcore\4.4.9\httpcore-4.4.9.jar;C:\Users\nbout\.m2\repository\commons-logging\commons-logging\1.2\commons-logging-1.2.jar;C:\Users\nbout\.m2\repository\commons-codec\commons-codec\1.10\commons-codec-1.10.jar;C:\Users\nbout\.m2\repository\com\google\j2objc\j2objc-annotations\1.1\j2objc-annotations-1.1.jar;C:\Users\nbout\.m2\repository\com\google\api-client\google-api-client\1.25.0\google-api-client-1.25.0.jar;C:\Users\nbout\.m2\repository\com\google\oauth-client\google-oauth-client\1.25.0\google-oauth-client-1.25.0.jar;C:\Users\nbout\.m2\repository\com\google\api-client\google-api-client-appengine\1.25.0\google-api-client-appengine-1.25.0.jar;C:\Users\nbout\.m2\repository\com\google\oauth-client\google-oauth-client-appengine\1.25.0\google-oauth-client-appengine-1.25.0.jar;C:\Users\nbout\.m2\repository\com\google\oauth-client\google-oauth-client-servlet\1.25.0\google-oauth-client-servlet-1.25.0.jar;C:\Users\nbout\.m2\repository\com\google\http-client\google-http-client-jdo\1.25.0\google-http-client-jdo-1.25.0.jar;C:\Users\nbout\.m2\repository\com\google\api-client\google-api-client-servlet\1.25.0\google-api-client-servlet-1.25.0.jar;C:\Users\nbout\.m2\repository\javax\servlet\servlet-api\2.5\servlet-api-2.5.jar;C:\Users\nbout\.m2\repository\javax\jdo\jdo2-api\2.3-eb\jdo2-api-2.3-eb.jar;C:\Users\nbout\.m2\repository\javax\transaction\transaction-api\1.1\transaction-api-1.1.jar;C:\Users\nbout\.m2\repository\com\google\http-client\google-http-client-appengine\1.25.0\google-http-client-appengine-1.25.0.jar;C:\Users\nbout\.m2\repository\com\google\code\findbugs\jsr305\3.0.1\jsr305-3.0.1.jar;C:\Users\nbout\.m2\repository\commons-fileupload\commons-fileupload\1.3.3\commons-fileupload-1.3.3.jar;C:\Users\nbout\.m2\repository\commons-io\commons-io\2.2\commons-io-2.2.jar;C:\Users\nbout\.m2\repository\io\swagger\swagger-models\1.5.9\swagger-models-1.5.9.jar;C:\Users\nbout\.m2\repository\org\slf4j\slf4j-api\1.6.3\slf4j-api-1.6.3.jar;C:\Users\nbout\.m2\repository\io\swagger\swagger-annotations\1.5.9\swagger-annotations-1.5.9.jar;C:\Users\nbout\.m2\repository\io\swagger\swagger-core\1.5.9\swagger-core-1.5.9.jar;C:\Users\nbout\.m2\repository\org\apache\commons\commons-lang3\3.2.1\commons-lang3-3.2.1.jar;C:\Users\nbout\.m2\repository\com\fasterxml\jackson\datatype\jackson-datatype-joda\2.4.5\jackson-datatype-joda-2.4.5.jar;C:\Users\nbout\.m2\repository\joda-time\joda-time\2.2\joda-time-2.2.jar;C:\Users\nbout\.m2\repository\com\fasterxml\jackson\dataformat\jackson-dataformat-yaml\2.4.5\jackson-dataformat-yaml-2.4.5.jar;C:\Users\nbout\.m2\repository\org\yaml\snakeyaml\1.12\snakeyaml-1.12.jar;C:\Users\nbout\.m2\repository\javax\validation\validation-api\1.1.0.Final\validation-api-1.1.0.Final.jar;C:\Users\nbout\.m2\repository\org\slf4j\slf4j-nop\1.7.21\slf4j-nop-1.7.21.jar;C:\Users\nbout\.m2\repository\com\google\flogger\flogger-system-backend\0.3.1\flogger-system-backend-0.3.1.jar;C:\Users\nbout\.m2\repository\com\google\endpoints\endpoints-management-control-appengine-all\1.0.12\endpoints-management-control-appengine-all-1.0.12.jar;C:\Users\nbout\.m2\repository\com\google\appengine\appengine-api-1.0-sdk\1.9.79\appengine-api-1.0-sdk-1.9.79.jar;C:\Users\nbout\.m2\repository\javax\servlet\javax.servlet-api\3.1.0\javax.servlet-api-3.1.0.jar;C:\Users\nbout\.m2\repository\javax\inject\javax.inject\1\javax.inject-1.jar;C:\Users\nbout\.m2\repository\junit\junit\4.13\junit-4.13.jar;C:\Users\nbout\.m2\repository\org\hamcrest\hamcrest-core\1.3\hamcrest-core-1.3.jar;"/>
    <property name="sun.cpu.endian" value="little"/>
    <property name="user.home" value="C:\Users\nbout"/>
    <property name="user.language" value="fr"/>
    <property name="java.specification.vendor" value="Oracle Corporation"/>
    <property name="java.home" value="C:\Program Files\Java\jdk1.8.0_261\jre"/>
    <property name="basedir" value="C:\Users\nbout\eclipse-workspace\TinyInsta"/>
    <property name="file.separator" value="\"/>
    <property name="line.separator" value="&#10;"/>
    <property name="java.vm.specification.vendor" value="Oracle Corporation"/>
    <property name="java.specification.name" value="Java Platform API Specification"/>
    <property name="java.awt.graphicsenv" value="sun.awt.Win32GraphicsEnvironment"/>
    <property name="surefire.real.class.path" value="C:\Users\nbout\AppData\Local\Temp\surefire5791964138270244915\surefirebooter3084778133455441298.jar;C:\\Users\\nbout\\.m2\\repository\\org\\jacoco\\org.jacoco.agent\\0.8.5\\org.jacoco.agent-0.8.5-runtime.jar"/>
    <property name="sun.boot.class.path" value="C:\Program Files\Java\jdk1.8.0_261\jre\lib\resources.jar;C:\Program Files\Java\jdk1.8.0_261\jre\lib\rt.jar;C:\Program Files\Java\jdk1.8.0_261\jre\lib\sunrsasign.jar;C:\Program Files\Java\jdk1.8.0_261\jre\lib\jsse.jar;C:\Program Files\Java\jdk1.8.0_261\jre\lib\jce.jar;C:\Program Files\Java\jdk1.8.0_261\jre\lib\charsets.jar;C:\Program Files\Java\jdk1.8.0_261\jre\lib\jfr.jar;C:\Program Files\Java\jdk1.8.0_261\jre\classes"/>
    <property name="user.script" value=""/>
    <property name="sun.management.compiler" value="HotSpot 64-Bit Tiered Compilers"/>
    <property name="java.runtime.version" value="1.8.0_261-b12"/>
    <property name="user.name" value="nbout"/>
    <property name="path.separator" value=";"/>
    <property name="os.version" value="10.0"/>
    <property name="java.endorsed.dirs" value="C:\Program Files\Java\jdk1.8.0_261\jre\lib\endorsed"/>
    <property name="java.runtime.name" value="Java(TM) SE Runtime Environment"/>
    <property name="file.encoding" value="Cp1252"/>
    <property name="java.vm.name" value="Java HotSpot(TM) 64-Bit Server VM"/>
    <property name="localRepository" value="C:\Users\nbout\.m2\repository"/>
    <property name="java.vendor.url.bug" value="http://bugreport.sun.com/bugreport/"/>
    <property name="java.io.tmpdir" value="C:\Users\nbout\AppData\Local\Temp\"/>
    <property name="java.version" value="1.8.0_261"/>
    <property name="user.dir" value="C:\Users\nbout\eclipse-workspace\TinyInsta"/>
    <property name="os.arch" value="amd64"/>
    <property name="java.vm.specification.name" value="Java Virtual Machine Specification"/>
    <property name="java.awt.printerjob" value="sun.awt.windows.WPrinterJob"/>
    <property name="sun.os.patch.level" value=""/>
    <property name="java.library.path" value="C:\Program Files\Java\jdk1.8.0_261\jre\bin;C:\WINDOWS\Sun\Java\bin;C:\WINDOWS\system32;C:\WINDOWS;D:\app\nbout\product\18.0.0\dbhomeXE\bin;C:\Program Files (x86)\Common Files\Oracle\Java\javapath;C:\WINDOWS\system32;C:\WINDOWS;C:\WINDOWS\System32\Wbem;C:\WINDOWS\System32\WindowsPowerShell\v1.0\;C:\WINDOWS\System32\OpenSSH\;C:\Program Files\Intel\WiFi\bin\;C:\Program Files\Common Files\Intel\WirelessCommon\;C:\Program Files\dotnet\;C:\Program Files\Git\cmd;C:\Program Files\nodejs\;C:\Program Files\PuTTY\;C:\Users\nbout\AppData\Local\Programs\Python\Python37\Scripts\;C:\Users\nbout\AppData\Local\Programs\Python\Python37\;C:\Program Files\MySQL\MySQL Shell 8.0\bin\;C:\Program Files\MySQL\MySQL Server 8.0\bin;C:\Users\nbout\AppData\Roaming\npm;C:\Users\nbout\AppData\Local\Programs\Microsoft VS Code\bin;C:\Users\nbout\AppData\Local\Microsoft\WindowsApps;C:\MinGW\bin;C:\Program Files\Git\bin;D:\Users\nbout\AppData\Local\Julia-1.3.1\bin;C:\Users\nbout\AppData\Local\atom\bin;D:\Outils\apache-maven-3.6.3\bin;D:\Outils\Graphviz\bin;C:\Users\nbout\AppData\Local\Google\Cloud SDK\google-cloud-sdk\bin;."/>
    <property name="java.vm.info" value="mixed mode"/>
    <property name="java.vendor" value="Oracle Corporation"/>
    <property name="java.vm.version" value="25.261-b12"/>
    <property name="java.ext.dirs" value="C:\Program Files\Java\jdk1.8.0_261\jre\lib\ext;C:\WINDOWS\Sun\Java\lib\ext"/>
    <property name="sun.io.unicode.encoding" value="UnicodeLittle"/>
    <property name="java.class.version" value="52.0"/>
  </properties>
  <testcase name="test" classname="fr.univnantes.HelloAppEngineTest(sponge_log)" time="0.023"/>
</testsuite>